{
  meta: {
    req: {
      url: '/admin/update-user',
      headers: {
        host: 'localhost:4000',
        connection: 'keep-alive',
        'content-length': '59',
        'sec-ch-ua': '"Chromium";v="110", "Not A(Brand";v="24", "Microsoft Edge";v="110"',
        accept: 'application/json, text/plain, */*',
        'content-type': 'application/json',
        'sec-ch-ua-mobile': '?0',
        authorization: 'Bearer eyJhbGciOiJIUzI1NiIsInR5cCI6IkpXVCJ9.eyJkYXRhIjp7InVzZXJJZCI6IjY0MDE4YThlYzZkZTc3NmY4MTViZTdiOCIsInVzZXJuYW1lIjoiYWRtaW5AZ21haWwuY29tIiwicGFzc3dvcmQiOiIkMmEkMTAkS0JXeUxINE9QdWllOC95NFhiMjlMZUQ4aEtVemdOZ0U2V3hGaWlNdU1wb0JUaGRuRTRFNE8ifSwiaWF0IjoxNjc3OTExMTIxLCJleHAiOjE2Nzc5OTc1MjF9.NPKZc-XMPfXOhepxHj9CZDyzO4CGqGpchuYtyfA48_4',
        'user-agent': 'Mozilla/5.0 (Windows NT 10.0; Win64; x64) AppleWebKit/537.36 (KHTML, like Gecko) Chrome/110.0.0.0 Safari/537.36 Edg/110.0.1587.63',
        'sec-ch-ua-platform': '"Windows"',
        origin: 'http://localhost:3000',
        'sec-fetch-site': 'same-site',
        'sec-fetch-mode': 'cors',
        'sec-fetch-dest': 'empty',
        referer: 'http://localhost:3000/',
        'accept-encoding': 'gzip, deflate, br',
        'accept-language': 'en-US,en;q=0.9,hi;q=0.8'
      },
      method: 'POST',
      httpVersion: '1.1',
      originalUrl: '/admin/update-user',
      query: {},
      body: { userName: 'user3', origin: 'Dewas', password: 'password' }
    },
    res: {
      statusCode: 500,
      body: {
        status: 'error',
        title: 'Error',
        message: 'Something went wrong. Please try again.'
      }
    },
    responseTime: 4
  },
  level: 'error',
  message: 'HTTP POST /admin/update-user',
  timestamp: '2023-03-04T08:15:35.538Z'
}
{
  meta: {
    req: {
      url: '/admin/update-user',
      headers: {
        host: 'localhost:4000',
        connection: 'keep-alive',
        'content-length': '59',
        'sec-ch-ua': '"Chromium";v="110", "Not A(Brand";v="24", "Microsoft Edge";v="110"',
        accept: 'application/json, text/plain, */*',
        'content-type': 'application/json',
        'sec-ch-ua-mobile': '?0',
        authorization: 'Bearer eyJhbGciOiJIUzI1NiIsInR5cCI6IkpXVCJ9.eyJkYXRhIjp7InVzZXJJZCI6IjY0MDE4YThlYzZkZTc3NmY4MTViZTdiOCIsInVzZXJuYW1lIjoiYWRtaW5AZ21haWwuY29tIiwicGFzc3dvcmQiOiIkMmEkMTAkS0JXeUxINE9QdWllOC95NFhiMjlMZUQ4aEtVemdOZ0U2V3hGaWlNdU1wb0JUaGRuRTRFNE8ifSwiaWF0IjoxNjc3OTExMTIxLCJleHAiOjE2Nzc5OTc1MjF9.NPKZc-XMPfXOhepxHj9CZDyzO4CGqGpchuYtyfA48_4',
        'user-agent': 'Mozilla/5.0 (Windows NT 10.0; Win64; x64) AppleWebKit/537.36 (KHTML, like Gecko) Chrome/110.0.0.0 Safari/537.36 Edg/110.0.1587.63',
        'sec-ch-ua-platform': '"Windows"',
        origin: 'http://localhost:3000',
        'sec-fetch-site': 'same-site',
        'sec-fetch-mode': 'cors',
        'sec-fetch-dest': 'empty',
        referer: 'http://localhost:3000/',
        'accept-encoding': 'gzip, deflate, br',
        'accept-language': 'en-US,en;q=0.9,hi;q=0.8'
      },
      method: 'POST',
      httpVersion: '1.1',
      originalUrl: '/admin/update-user',
      query: {},
      body: { userName: 'user3', origin: 'Dewas', password: 'password' }
    },
    res: {
      statusCode: 500,
      body: {
        status: 'error',
        title: 'Error',
        message: 'Something went wrong. Please try again.'
      }
    },
    responseTime: 3
  },
  level: 'error',
  message: 'HTTP POST /admin/update-user',
  timestamp: '2023-03-04T08:15:40.366Z'
}
{
  meta: {
    req: {
      url: '/admin/update-user',
      headers: {
        host: 'localhost:4000',
        connection: 'keep-alive',
        'content-length': '59',
        'sec-ch-ua': '"Chromium";v="110", "Not A(Brand";v="24", "Microsoft Edge";v="110"',
        accept: 'application/json, text/plain, */*',
        'content-type': 'application/json',
        'sec-ch-ua-mobile': '?0',
        authorization: 'Bearer eyJhbGciOiJIUzI1NiIsInR5cCI6IkpXVCJ9.eyJkYXRhIjp7InVzZXJJZCI6IjY0MDE4YThlYzZkZTc3NmY4MTViZTdiOCIsInVzZXJuYW1lIjoiYWRtaW5AZ21haWwuY29tIiwicGFzc3dvcmQiOiIkMmEkMTAkS0JXeUxINE9QdWllOC95NFhiMjlMZUQ4aEtVemdOZ0U2V3hGaWlNdU1wb0JUaGRuRTRFNE8ifSwiaWF0IjoxNjc3OTExMTIxLCJleHAiOjE2Nzc5OTc1MjF9.NPKZc-XMPfXOhepxHj9CZDyzO4CGqGpchuYtyfA48_4',
        'user-agent': 'Mozilla/5.0 (Windows NT 10.0; Win64; x64) AppleWebKit/537.36 (KHTML, like Gecko) Chrome/110.0.0.0 Safari/537.36 Edg/110.0.1587.63',
        'sec-ch-ua-platform': '"Windows"',
        origin: 'http://localhost:3000',
        'sec-fetch-site': 'same-site',
        'sec-fetch-mode': 'cors',
        'sec-fetch-dest': 'empty',
        referer: 'http://localhost:3000/',
        'accept-encoding': 'gzip, deflate, br',
        'accept-language': 'en-US,en;q=0.9,hi;q=0.8'
      },
      method: 'POST',
      httpVersion: '1.1',
      originalUrl: '/admin/update-user',
      query: {},
      body: { userName: 'user3', origin: 'Dewas', password: 'password' }
    },
    res: {
      statusCode: 500,
      body: {
        status: 'error',
        title: 'Error',
        message: 'Something went wrong. Please try again.'
      }
    },
    responseTime: 3
  },
  level: 'error',
  message: 'HTTP POST /admin/update-user',
  timestamp: '2023-03-04T08:15:46.552Z'
}
{
  meta: {
    req: {
      url: '/admin/update-user',
      headers: {
        host: 'localhost:4000',
        connection: 'keep-alive',
        'content-length': '59',
        'sec-ch-ua': '"Chromium";v="110", "Not A(Brand";v="24", "Microsoft Edge";v="110"',
        accept: 'application/json, text/plain, */*',
        'content-type': 'application/json',
        'sec-ch-ua-mobile': '?0',
        authorization: 'Bearer eyJhbGciOiJIUzI1NiIsInR5cCI6IkpXVCJ9.eyJkYXRhIjp7InVzZXJJZCI6IjY0MDE4YThlYzZkZTc3NmY4MTViZTdiOCIsInVzZXJuYW1lIjoiYWRtaW5AZ21haWwuY29tIiwicGFzc3dvcmQiOiIkMmEkMTAkS0JXeUxINE9QdWllOC95NFhiMjlMZUQ4aEtVemdOZ0U2V3hGaWlNdU1wb0JUaGRuRTRFNE8ifSwiaWF0IjoxNjc3OTE4MTgxLCJleHAiOjE2NzgwMDQ1ODF9.O-lMxT4kOQqh-ZvX4bygE_FFPr7-KcQvsoALzm9xjmw',
        'user-agent': 'Mozilla/5.0 (Windows NT 10.0; Win64; x64) AppleWebKit/537.36 (KHTML, like Gecko) Chrome/110.0.0.0 Safari/537.36 Edg/110.0.1587.63',
        'sec-ch-ua-platform': '"Windows"',
        origin: 'http://localhost:3000',
        'sec-fetch-site': 'same-site',
        'sec-fetch-mode': 'cors',
        'sec-fetch-dest': 'empty',
        referer: 'http://localhost:3000/',
        'accept-encoding': 'gzip, deflate, br',
        'accept-language': 'en-US,en;q=0.9,hi;q=0.8'
      },
      method: 'POST',
      httpVersion: '1.1',
      originalUrl: '/admin/update-user',
      query: {},
      body: { userName: 'user3', origin: 'dewas', password: 'password' }
    },
    res: {
      statusCode: 500,
      body: {
        status: 'error',
        title: 'Error',
        message: 'Something went wrong. Please try again.'
      }
    },
    responseTime: 3
  },
  level: 'error',
  message: 'HTTP POST /admin/update-user',
  timestamp: '2023-03-04T08:23:13.096Z'
}
{
  meta: {
    req: {
      url: '/admin/update-user',
      headers: {
        host: 'localhost:4000',
        connection: 'keep-alive',
        'content-length': '59',
        'sec-ch-ua': '"Chromium";v="110", "Not A(Brand";v="24", "Microsoft Edge";v="110"',
        accept: 'application/json, text/plain, */*',
        'content-type': 'application/json',
        'sec-ch-ua-mobile': '?0',
        authorization: 'Bearer eyJhbGciOiJIUzI1NiIsInR5cCI6IkpXVCJ9.eyJkYXRhIjp7InVzZXJJZCI6IjY0MDE4YThlYzZkZTc3NmY4MTViZTdiOCIsInVzZXJuYW1lIjoiYWRtaW5AZ21haWwuY29tIiwicGFzc3dvcmQiOiIkMmEkMTAkS0JXeUxINE9QdWllOC95NFhiMjlMZUQ4aEtVemdOZ0U2V3hGaWlNdU1wb0JUaGRuRTRFNE8ifSwiaWF0IjoxNjc3OTE4MjIzLCJleHAiOjE2NzgwMDQ2MjN9.YNiwAXPUVyxYSYbDzYew8lmaeY_qQVPtvuWLrft4XsM',
        'user-agent': 'Mozilla/5.0 (Windows NT 10.0; Win64; x64) AppleWebKit/537.36 (KHTML, like Gecko) Chrome/110.0.0.0 Safari/537.36 Edg/110.0.1587.63',
        'sec-ch-ua-platform': '"Windows"',
        origin: 'http://localhost:3000',
        'sec-fetch-site': 'same-site',
        'sec-fetch-mode': 'cors',
        'sec-fetch-dest': 'empty',
        referer: 'http://localhost:3000/',
        'accept-encoding': 'gzip, deflate, br',
        'accept-language': 'en-US,en;q=0.9,hi;q=0.8'
      },
      method: 'POST',
      httpVersion: '1.1',
      originalUrl: '/admin/update-user',
      query: {},
      body: { userName: 'user3', origin: 'dewas', password: 'password' }
    },
    res: {
      statusCode: 500,
      body: {
        status: 'error',
        title: 'Error',
        message: 'Something went wrong. Please try again.'
      }
    },
    responseTime: 3
  },
  level: 'error',
  message: 'HTTP POST /admin/update-user',
  timestamp: '2023-03-04T08:23:56.286Z'
}
{
  meta: {
    req: {
      url: '/admin/update-user',
      headers: {
        host: 'localhost:4000',
        connection: 'keep-alive',
        'content-length': '59',
        'sec-ch-ua': '"Chromium";v="110", "Not A(Brand";v="24", "Microsoft Edge";v="110"',
        accept: 'application/json, text/plain, */*',
        'content-type': 'application/json',
        'sec-ch-ua-mobile': '?0',
        authorization: 'Bearer eyJhbGciOiJIUzI1NiIsInR5cCI6IkpXVCJ9.eyJkYXRhIjp7InVzZXJJZCI6IjY0MDE4YThlYzZkZTc3NmY4MTViZTdiOCIsInVzZXJuYW1lIjoiYWRtaW5AZ21haWwuY29tIiwicGFzc3dvcmQiOiIkMmEkMTAkS0JXeUxINE9QdWllOC95NFhiMjlMZUQ4aEtVemdOZ0U2V3hGaWlNdU1wb0JUaGRuRTRFNE8ifSwiaWF0IjoxNjc3OTE4MjIzLCJleHAiOjE2NzgwMDQ2MjN9.YNiwAXPUVyxYSYbDzYew8lmaeY_qQVPtvuWLrft4XsM',
        'user-agent': 'Mozilla/5.0 (Windows NT 10.0; Win64; x64) AppleWebKit/537.36 (KHTML, like Gecko) Chrome/110.0.0.0 Safari/537.36 Edg/110.0.1587.63',
        'sec-ch-ua-platform': '"Windows"',
        origin: 'http://localhost:3000',
        'sec-fetch-site': 'same-site',
        'sec-fetch-mode': 'cors',
        'sec-fetch-dest': 'empty',
        referer: 'http://localhost:3000/',
        'accept-encoding': 'gzip, deflate, br',
        'accept-language': 'en-US,en;q=0.9,hi;q=0.8'
      },
      method: 'POST',
      httpVersion: '1.1',
      originalUrl: '/admin/update-user',
      query: {},
      body: { userName: 'user3', origin: 'dewas', password: 'password' }
    },
    res: {
      statusCode: 500,
      body: {
        status: 'error',
        title: 'Error',
        message: 'Something went wrong. Please try again.'
      }
    },
    responseTime: 13
  },
  level: 'error',
  message: 'HTTP POST /admin/update-user',
  timestamp: '2023-03-04T08:25:09.834Z'
}
{
  meta: {
    req: {
      url: '/admin/update-user',
      headers: {
        host: 'localhost:4000',
        connection: 'keep-alive',
        'content-length': '59',
        'sec-ch-ua': '"Chromium";v="110", "Not A(Brand";v="24", "Microsoft Edge";v="110"',
        accept: 'application/json, text/plain, */*',
        'content-type': 'application/json',
        'sec-ch-ua-mobile': '?0',
        authorization: 'Bearer eyJhbGciOiJIUzI1NiIsInR5cCI6IkpXVCJ9.eyJkYXRhIjp7InVzZXJJZCI6IjY0MDE4YThlYzZkZTc3NmY4MTViZTdiOCIsInVzZXJuYW1lIjoiYWRtaW5AZ21haWwuY29tIiwicGFzc3dvcmQiOiIkMmEkMTAkS0JXeUxINE9QdWllOC95NFhiMjlMZUQ4aEtVemdOZ0U2V3hGaWlNdU1wb0JUaGRuRTRFNE8ifSwiaWF0IjoxNjc3OTE4MjIzLCJleHAiOjE2NzgwMDQ2MjN9.YNiwAXPUVyxYSYbDzYew8lmaeY_qQVPtvuWLrft4XsM',
        'user-agent': 'Mozilla/5.0 (Windows NT 10.0; Win64; x64) AppleWebKit/537.36 (KHTML, like Gecko) Chrome/110.0.0.0 Safari/537.36 Edg/110.0.1587.63',
        'sec-ch-ua-platform': '"Windows"',
        origin: 'http://localhost:3000',
        'sec-fetch-site': 'same-site',
        'sec-fetch-mode': 'cors',
        'sec-fetch-dest': 'empty',
        referer: 'http://localhost:3000/',
        'accept-encoding': 'gzip, deflate, br',
        'accept-language': 'en-US,en;q=0.9,hi;q=0.8'
      },
      method: 'POST',
      httpVersion: '1.1',
      originalUrl: '/admin/update-user',
      query: {},
      body: { userName: 'user3', origin: 'dewas', password: 'password' }
    },
    res: {
      statusCode: 500,
      body: {
        status: 'error',
        title: 'Error',
        message: 'Something went wrong. Please try again.'
      }
    },
    responseTime: 10
  },
  level: 'error',
  message: 'HTTP POST /admin/update-user',
  timestamp: '2023-03-04T08:25:36.466Z'
}
{
  meta: {
    req: {
      url: '/admin/update-user',
      headers: {
        host: 'localhost:4000',
        connection: 'keep-alive',
        'content-length': '59',
        'sec-ch-ua': '"Chromium";v="110", "Not A(Brand";v="24", "Microsoft Edge";v="110"',
        accept: 'application/json, text/plain, */*',
        'content-type': 'application/json',
        'sec-ch-ua-mobile': '?0',
        authorization: 'Bearer eyJhbGciOiJIUzI1NiIsInR5cCI6IkpXVCJ9.eyJkYXRhIjp7InVzZXJJZCI6IjY0MDE4YThlYzZkZTc3NmY4MTViZTdiOCIsInVzZXJuYW1lIjoiYWRtaW5AZ21haWwuY29tIiwicGFzc3dvcmQiOiIkMmEkMTAkS0JXeUxINE9QdWllOC95NFhiMjlMZUQ4aEtVemdOZ0U2V3hGaWlNdU1wb0JUaGRuRTRFNE8ifSwiaWF0IjoxNjc3OTE4MjIzLCJleHAiOjE2NzgwMDQ2MjN9.YNiwAXPUVyxYSYbDzYew8lmaeY_qQVPtvuWLrft4XsM',
        'user-agent': 'Mozilla/5.0 (Windows NT 10.0; Win64; x64) AppleWebKit/537.36 (KHTML, like Gecko) Chrome/110.0.0.0 Safari/537.36 Edg/110.0.1587.63',
        'sec-ch-ua-platform': '"Windows"',
        origin: 'http://localhost:3000',
        'sec-fetch-site': 'same-site',
        'sec-fetch-mode': 'cors',
        'sec-fetch-dest': 'empty',
        referer: 'http://localhost:3000/',
        'accept-encoding': 'gzip, deflate, br',
        'accept-language': 'en-US,en;q=0.9,hi;q=0.8'
      },
      method: 'POST',
      httpVersion: '1.1',
      originalUrl: '/admin/update-user',
      query: {},
      body: { userName: 'user3', origin: 'dewas', password: 'password' }
    },
    res: {
      statusCode: 500,
      body: {
        status: 'error',
        title: 'Error',
        message: 'Something went wrong. Please try again.'
      }
    },
    responseTime: 4
  },
  level: 'error',
  message: 'HTTP POST /admin/update-user',
  timestamp: '2023-03-04T08:25:55.664Z'
}
{
  meta: {
    req: {
      url: '/admin/update-user',
      headers: {
        host: 'localhost:4000',
        connection: 'keep-alive',
        'content-length': '59',
        'sec-ch-ua': '"Chromium";v="110", "Not A(Brand";v="24", "Microsoft Edge";v="110"',
        accept: 'application/json, text/plain, */*',
        'content-type': 'application/json',
        'sec-ch-ua-mobile': '?0',
        authorization: 'Bearer eyJhbGciOiJIUzI1NiIsInR5cCI6IkpXVCJ9.eyJkYXRhIjp7InVzZXJJZCI6IjY0MDE4YThlYzZkZTc3NmY4MTViZTdiOCIsInVzZXJuYW1lIjoiYWRtaW5AZ21haWwuY29tIiwicGFzc3dvcmQiOiIkMmEkMTAkS0JXeUxINE9QdWllOC95NFhiMjlMZUQ4aEtVemdOZ0U2V3hGaWlNdU1wb0JUaGRuRTRFNE8ifSwiaWF0IjoxNjc3OTE4MjIzLCJleHAiOjE2NzgwMDQ2MjN9.YNiwAXPUVyxYSYbDzYew8lmaeY_qQVPtvuWLrft4XsM',
        'user-agent': 'Mozilla/5.0 (Windows NT 10.0; Win64; x64) AppleWebKit/537.36 (KHTML, like Gecko) Chrome/110.0.0.0 Safari/537.36 Edg/110.0.1587.63',
        'sec-ch-ua-platform': '"Windows"',
        origin: 'http://localhost:3000',
        'sec-fetch-site': 'same-site',
        'sec-fetch-mode': 'cors',
        'sec-fetch-dest': 'empty',
        referer: 'http://localhost:3000/',
        'accept-encoding': 'gzip, deflate, br',
        'accept-language': 'en-US,en;q=0.9,hi;q=0.8'
      },
      method: 'POST',
      httpVersion: '1.1',
      originalUrl: '/admin/update-user',
      query: {},
      body: { userName: 'user3', origin: 'dewas', password: 'password' }
    },
    res: {
      statusCode: 500,
      body: {
        status: 'error',
        title: 'Error',
        message: 'Something went wrong. Please try again.'
      }
    },
    responseTime: 4
  },
  level: 'error',
  message: 'HTTP POST /admin/update-user',
  timestamp: '2023-03-04T08:26:47.041Z'
}
{
  meta: {
    req: {
      url: '/admin/update-user',
      headers: {
        host: 'localhost:4000',
        connection: 'keep-alive',
        'content-length': '59',
        'sec-ch-ua': '"Chromium";v="110", "Not A(Brand";v="24", "Microsoft Edge";v="110"',
        accept: 'application/json, text/plain, */*',
        'content-type': 'application/json',
        'sec-ch-ua-mobile': '?0',
        authorization: 'Bearer eyJhbGciOiJIUzI1NiIsInR5cCI6IkpXVCJ9.eyJkYXRhIjp7InVzZXJJZCI6IjY0MDE4YThlYzZkZTc3NmY4MTViZTdiOCIsInVzZXJuYW1lIjoiYWRtaW5AZ21haWwuY29tIiwicGFzc3dvcmQiOiIkMmEkMTAkS0JXeUxINE9QdWllOC95NFhiMjlMZUQ4aEtVemdOZ0U2V3hGaWlNdU1wb0JUaGRuRTRFNE8ifSwiaWF0IjoxNjc3OTE4MjIzLCJleHAiOjE2NzgwMDQ2MjN9.YNiwAXPUVyxYSYbDzYew8lmaeY_qQVPtvuWLrft4XsM',
        'user-agent': 'Mozilla/5.0 (Windows NT 10.0; Win64; x64) AppleWebKit/537.36 (KHTML, like Gecko) Chrome/110.0.0.0 Safari/537.36 Edg/110.0.1587.63',
        'sec-ch-ua-platform': '"Windows"',
        origin: 'http://localhost:3000',
        'sec-fetch-site': 'same-site',
        'sec-fetch-mode': 'cors',
        'sec-fetch-dest': 'empty',
        referer: 'http://localhost:3000/',
        'accept-encoding': 'gzip, deflate, br',
        'accept-language': 'en-US,en;q=0.9,hi;q=0.8'
      },
      method: 'POST',
      httpVersion: '1.1',
      originalUrl: '/admin/update-user',
      query: {},
      body: { userName: 'user3', origin: 'dewas', password: 'password' }
    },
    res: {
      statusCode: 500,
      body: {
        status: 'error',
        title: 'Error',
        message: 'Something went wrong. Please try again.'
      }
    },
    responseTime: 3
  },
  level: 'error',
  message: 'HTTP POST /admin/update-user',
  timestamp: '2023-03-04T08:27:41.483Z'
}
{
  meta: {
    req: {
      url: '/admin/update-user',
      headers: {
        host: 'localhost:4000',
        connection: 'keep-alive',
        'content-length': '59',
        'sec-ch-ua': '"Chromium";v="110", "Not A(Brand";v="24", "Microsoft Edge";v="110"',
        accept: 'application/json, text/plain, */*',
        'content-type': 'application/json',
        'sec-ch-ua-mobile': '?0',
        authorization: 'Bearer eyJhbGciOiJIUzI1NiIsInR5cCI6IkpXVCJ9.eyJkYXRhIjp7InVzZXJJZCI6IjY0MDE4YThlYzZkZTc3NmY4MTViZTdiOCIsInVzZXJuYW1lIjoiYWRtaW5AZ21haWwuY29tIiwicGFzc3dvcmQiOiIkMmEkMTAkS0JXeUxINE9QdWllOC95NFhiMjlMZUQ4aEtVemdOZ0U2V3hGaWlNdU1wb0JUaGRuRTRFNE8ifSwiaWF0IjoxNjc3OTE4MjIzLCJleHAiOjE2NzgwMDQ2MjN9.YNiwAXPUVyxYSYbDzYew8lmaeY_qQVPtvuWLrft4XsM',
        'user-agent': 'Mozilla/5.0 (Windows NT 10.0; Win64; x64) AppleWebKit/537.36 (KHTML, like Gecko) Chrome/110.0.0.0 Safari/537.36 Edg/110.0.1587.63',
        'sec-ch-ua-platform': '"Windows"',
        origin: 'http://localhost:3000',
        'sec-fetch-site': 'same-site',
        'sec-fetch-mode': 'cors',
        'sec-fetch-dest': 'empty',
        referer: 'http://localhost:3000/',
        'accept-encoding': 'gzip, deflate, br',
        'accept-language': 'en-US,en;q=0.9,hi;q=0.8'
      },
      method: 'POST',
      httpVersion: '1.1',
      originalUrl: '/admin/update-user',
      query: {},
      body: { userName: 'user3', origin: 'dewas', password: 'password' }
    },
    res: {
      statusCode: 500,
      body: {
        status: 'error',
        title: 'Error',
        message: 'Something went wrong. Please try again.'
      }
    },
    responseTime: 4
  },
  level: 'error',
  message: 'HTTP POST /admin/update-user',
  timestamp: '2023-03-04T08:28:22.482Z'
}
{
  meta: {
    req: {
      url: '/admin/update-user',
      headers: {
        host: 'localhost:4000',
        connection: 'keep-alive',
        'content-length': '59',
        'sec-ch-ua': '"Chromium";v="110", "Not A(Brand";v="24", "Microsoft Edge";v="110"',
        accept: 'application/json, text/plain, */*',
        'content-type': 'application/json',
        'sec-ch-ua-mobile': '?0',
        authorization: 'Bearer eyJhbGciOiJIUzI1NiIsInR5cCI6IkpXVCJ9.eyJkYXRhIjp7InVzZXJJZCI6IjY0MDE4YThlYzZkZTc3NmY4MTViZTdiOCIsInVzZXJuYW1lIjoiYWRtaW5AZ21haWwuY29tIiwicGFzc3dvcmQiOiIkMmEkMTAkS0JXeUxINE9QdWllOC95NFhiMjlMZUQ4aEtVemdOZ0U2V3hGaWlNdU1wb0JUaGRuRTRFNE8ifSwiaWF0IjoxNjc3OTE4MjIzLCJleHAiOjE2NzgwMDQ2MjN9.YNiwAXPUVyxYSYbDzYew8lmaeY_qQVPtvuWLrft4XsM',
        'user-agent': 'Mozilla/5.0 (Windows NT 10.0; Win64; x64) AppleWebKit/537.36 (KHTML, like Gecko) Chrome/110.0.0.0 Safari/537.36 Edg/110.0.1587.63',
        'sec-ch-ua-platform': '"Windows"',
        origin: 'http://localhost:3000',
        'sec-fetch-site': 'same-site',
        'sec-fetch-mode': 'cors',
        'sec-fetch-dest': 'empty',
        referer: 'http://localhost:3000/',
        'accept-encoding': 'gzip, deflate, br',
        'accept-language': 'en-US,en;q=0.9,hi;q=0.8'
      },
      method: 'POST',
      httpVersion: '1.1',
      originalUrl: '/admin/update-user',
      query: {},
      body: { userName: 'user3', origin: 'dewas', password: 'password' }
    },
    res: {
      statusCode: 500,
      body: {
        status: 'error',
        title: 'Error',
        message: 'Something went wrong. Please try again.'
      }
    },
    responseTime: 9
  },
  level: 'error',
  message: 'HTTP POST /admin/update-user',
  timestamp: '2023-03-04T08:29:22.055Z'
}
{
  meta: {
    req: {
      url: '/admin/update-user',
      headers: {
        host: 'localhost:4000',
        connection: 'keep-alive',
        'content-length': '59',
        'sec-ch-ua': '"Chromium";v="110", "Not A(Brand";v="24", "Microsoft Edge";v="110"',
        accept: 'application/json, text/plain, */*',
        'content-type': 'application/json',
        'sec-ch-ua-mobile': '?0',
        authorization: 'Bearer eyJhbGciOiJIUzI1NiIsInR5cCI6IkpXVCJ9.eyJkYXRhIjp7InVzZXJJZCI6IjY0MDE4YThlYzZkZTc3NmY4MTViZTdiOCIsInVzZXJuYW1lIjoiYWRtaW5AZ21haWwuY29tIiwicGFzc3dvcmQiOiIkMmEkMTAkS0JXeUxINE9QdWllOC95NFhiMjlMZUQ4aEtVemdOZ0U2V3hGaWlNdU1wb0JUaGRuRTRFNE8ifSwiaWF0IjoxNjc3OTE4MjIzLCJleHAiOjE2NzgwMDQ2MjN9.YNiwAXPUVyxYSYbDzYew8lmaeY_qQVPtvuWLrft4XsM',
        'user-agent': 'Mozilla/5.0 (Windows NT 10.0; Win64; x64) AppleWebKit/537.36 (KHTML, like Gecko) Chrome/110.0.0.0 Safari/537.36 Edg/110.0.1587.63',
        'sec-ch-ua-platform': '"Windows"',
        origin: 'http://localhost:3000',
        'sec-fetch-site': 'same-site',
        'sec-fetch-mode': 'cors',
        'sec-fetch-dest': 'empty',
        referer: 'http://localhost:3000/',
        'accept-encoding': 'gzip, deflate, br',
        'accept-language': 'en-US,en;q=0.9,hi;q=0.8'
      },
      method: 'POST',
      httpVersion: '1.1',
      originalUrl: '/admin/update-user',
      query: {},
      body: { userName: 'user4', origin: 'dewas', password: 'password' }
    },
    res: {
      statusCode: 500,
      body: {
        status: 'error',
        title: 'Error',
        message: 'Something went wrong. Please try again.'
      }
    },
    responseTime: 5
  },
  level: 'error',
  message: 'HTTP POST /admin/update-user',
  timestamp: '2023-03-04T08:31:21.667Z'
}
{
  meta: {
    req: {
      url: '/admin/update-user',
      headers: {
        host: 'localhost:4000',
        connection: 'keep-alive',
        'content-length': '59',
        'sec-ch-ua': '"Chromium";v="110", "Not A(Brand";v="24", "Microsoft Edge";v="110"',
        accept: 'application/json, text/plain, */*',
        'content-type': 'application/json',
        'sec-ch-ua-mobile': '?0',
        authorization: 'Bearer eyJhbGciOiJIUzI1NiIsInR5cCI6IkpXVCJ9.eyJkYXRhIjp7InVzZXJJZCI6IjY0MDE4YThlYzZkZTc3NmY4MTViZTdiOCIsInVzZXJuYW1lIjoiYWRtaW5AZ21haWwuY29tIiwicGFzc3dvcmQiOiIkMmEkMTAkS0JXeUxINE9QdWllOC95NFhiMjlMZUQ4aEtVemdOZ0U2V3hGaWlNdU1wb0JUaGRuRTRFNE8ifSwiaWF0IjoxNjc3OTE4MjIzLCJleHAiOjE2NzgwMDQ2MjN9.YNiwAXPUVyxYSYbDzYew8lmaeY_qQVPtvuWLrft4XsM',
        'user-agent': 'Mozilla/5.0 (Windows NT 10.0; Win64; x64) AppleWebKit/537.36 (KHTML, like Gecko) Chrome/110.0.0.0 Safari/537.36 Edg/110.0.1587.63',
        'sec-ch-ua-platform': '"Windows"',
        origin: 'http://localhost:3000',
        'sec-fetch-site': 'same-site',
        'sec-fetch-mode': 'cors',
        'sec-fetch-dest': 'empty',
        referer: 'http://localhost:3000/',
        'accept-encoding': 'gzip, deflate, br',
        'accept-language': 'en-US,en;q=0.9,hi;q=0.8'
      },
      method: 'POST',
      httpVersion: '1.1',
      originalUrl: '/admin/update-user',
      query: {},
      body: { userName: 'user4', origin: 'dewas', password: 'password' }
    },
    res: {
      statusCode: 500,
      body: {
        status: 'error',
        title: 'Error',
        message: 'Something went wrong. Please try again.'
      }
    },
    responseTime: 4
  },
  level: 'error',
  message: 'HTTP POST /admin/update-user',
  timestamp: '2023-03-04T08:31:39.698Z'
}
{
  meta: {
    req: {
      url: '/admin/update-user',
      headers: {
        host: 'localhost:4000',
        connection: 'keep-alive',
        'content-length': '59',
        'sec-ch-ua': '"Chromium";v="110", "Not A(Brand";v="24", "Microsoft Edge";v="110"',
        accept: 'application/json, text/plain, */*',
        'content-type': 'application/json',
        'sec-ch-ua-mobile': '?0',
        authorization: 'Bearer eyJhbGciOiJIUzI1NiIsInR5cCI6IkpXVCJ9.eyJkYXRhIjp7InVzZXJJZCI6IjY0MDE4YThlYzZkZTc3NmY4MTViZTdiOCIsInVzZXJuYW1lIjoiYWRtaW5AZ21haWwuY29tIiwicGFzc3dvcmQiOiIkMmEkMTAkS0JXeUxINE9QdWllOC95NFhiMjlMZUQ4aEtVemdOZ0U2V3hGaWlNdU1wb0JUaGRuRTRFNE8ifSwiaWF0IjoxNjc3OTE4NzQyLCJleHAiOjE2NzgwMDUxNDJ9.pWSQmMx_3hccayZQos-n8vNzEkDU3zYaKRebG0GL6PI',
        'user-agent': 'Mozilla/5.0 (Windows NT 10.0; Win64; x64) AppleWebKit/537.36 (KHTML, like Gecko) Chrome/110.0.0.0 Safari/537.36 Edg/110.0.1587.63',
        'sec-ch-ua-platform': '"Windows"',
        origin: 'http://localhost:3000',
        'sec-fetch-site': 'same-site',
        'sec-fetch-mode': 'cors',
        'sec-fetch-dest': 'empty',
        referer: 'http://localhost:3000/',
        'accept-encoding': 'gzip, deflate, br',
        'accept-language': 'en-US,en;q=0.9,hi;q=0.8'
      },
      method: 'POST',
      httpVersion: '1.1',
      originalUrl: '/admin/update-user',
      query: {},
      body: { userName: 'user4', origin: 'dewas', password: 'password' }
    },
    res: {
      statusCode: 500,
      body: {
        status: 'error',
        title: 'Error',
        message: 'Something went wrong. Please try again.'
      }
    },
    responseTime: 4
  },
  level: 'error',
  message: 'HTTP POST /admin/update-user',
  timestamp: '2023-03-04T08:32:37.672Z'
}
{
  meta: {
    req: {
      url: '/admin/update-user',
      headers: {
        host: 'localhost:4000',
        connection: 'keep-alive',
        'content-length': '59',
        'sec-ch-ua': '"Chromium";v="110", "Not A(Brand";v="24", "Microsoft Edge";v="110"',
        accept: 'application/json, text/plain, */*',
        'content-type': 'application/json',
        'sec-ch-ua-mobile': '?0',
        authorization: 'Bearer eyJhbGciOiJIUzI1NiIsInR5cCI6IkpXVCJ9.eyJkYXRhIjp7InVzZXJJZCI6IjY0MDE4YThlYzZkZTc3NmY4MTViZTdiOCIsInVzZXJuYW1lIjoiYWRtaW5AZ21haWwuY29tIiwicGFzc3dvcmQiOiIkMmEkMTAkS0JXeUxINE9QdWllOC95NFhiMjlMZUQ4aEtVemdOZ0U2V3hGaWlNdU1wb0JUaGRuRTRFNE8ifSwiaWF0IjoxNjc3OTE4MjIzLCJleHAiOjE2NzgwMDQ2MjN9.YNiwAXPUVyxYSYbDzYew8lmaeY_qQVPtvuWLrft4XsM',
        'user-agent': 'Mozilla/5.0 (Windows NT 10.0; Win64; x64) AppleWebKit/537.36 (KHTML, like Gecko) Chrome/110.0.0.0 Safari/537.36 Edg/110.0.1587.63',
        'sec-ch-ua-platform': '"Windows"',
        origin: 'http://localhost:3000',
        'sec-fetch-site': 'same-site',
        'sec-fetch-mode': 'cors',
        'sec-fetch-dest': 'empty',
        referer: 'http://localhost:3000/',
        'accept-encoding': 'gzip, deflate, br',
        'accept-language': 'en-US,en;q=0.9,hi;q=0.8'
      },
      method: 'POST',
      httpVersion: '1.1',
      originalUrl: '/admin/update-user',
      query: {},
      body: { userName: 'user4', origin: 'dewas', password: 'password' }
    },
    res: {
      statusCode: 500,
      body: {
        status: 'error',
        title: 'Error',
        message: 'Something went wrong. Please try again.'
      }
    },
    responseTime: 4
  },
  level: 'error',
  message: 'HTTP POST /admin/update-user',
  timestamp: '2023-03-04T08:33:47.521Z'
}
{
  meta: {
    req: {
      url: '/admin/update-user',
      headers: {
        host: 'localhost:4000',
        connection: 'keep-alive',
        'content-length': '59',
        'sec-ch-ua': '"Chromium";v="110", "Not A(Brand";v="24", "Microsoft Edge";v="110"',
        accept: 'application/json, text/plain, */*',
        'content-type': 'application/json',
        'sec-ch-ua-mobile': '?0',
        authorization: 'Bearer eyJhbGciOiJIUzI1NiIsInR5cCI6IkpXVCJ9.eyJkYXRhIjp7InVzZXJJZCI6IjY0MDE4YThlYzZkZTc3NmY4MTViZTdiOCIsInVzZXJuYW1lIjoiYWRtaW5AZ21haWwuY29tIiwicGFzc3dvcmQiOiIkMmEkMTAkS0JXeUxINE9QdWllOC95NFhiMjlMZUQ4aEtVemdOZ0U2V3hGaWlNdU1wb0JUaGRuRTRFNE8ifSwiaWF0IjoxNjc3OTE4MjIzLCJleHAiOjE2NzgwMDQ2MjN9.YNiwAXPUVyxYSYbDzYew8lmaeY_qQVPtvuWLrft4XsM',
        'user-agent': 'Mozilla/5.0 (Windows NT 10.0; Win64; x64) AppleWebKit/537.36 (KHTML, like Gecko) Chrome/110.0.0.0 Safari/537.36 Edg/110.0.1587.63',
        'sec-ch-ua-platform': '"Windows"',
        origin: 'http://localhost:3000',
        'sec-fetch-site': 'same-site',
        'sec-fetch-mode': 'cors',
        'sec-fetch-dest': 'empty',
        referer: 'http://localhost:3000/',
        'accept-encoding': 'gzip, deflate, br',
        'accept-language': 'en-US,en;q=0.9,hi;q=0.8'
      },
      method: 'POST',
      httpVersion: '1.1',
      originalUrl: '/admin/update-user',
      query: {},
      body: { userName: 'user4', origin: 'dewas', password: 'password' }
    },
    res: {
      statusCode: 500,
      body: {
        status: 'error',
        title: 'Error',
        message: 'Something went wrong. Please try again.'
      }
    },
    responseTime: 3
  },
  level: 'error',
  message: 'HTTP POST /admin/update-user',
  timestamp: '2023-03-04T08:33:48.741Z'
}
